<?xml version="1.0" encoding="UTF-8"?>
<testsuite xmlns:xsi="http://www.w3.org/2001/XMLSchema-instance" xsi:noNamespaceSchemaLocation="https://maven.apache.org/surefire/maven-surefire-plugin/xsd/surefire-test-report-3.0.xsd" version="3.0" name="BackpackTest" time="0.04" tests="4" errors="0" skipped="0" failures="0">
  <properties>
[...]
</properties>
  <testcase name="EqualsTextbook1_IsObjectSame_True" classname="BackpackTest" time="0.031">
    <system-out><![CDATA[Name: Tech
Theory part: 
Color: BLUE	 Material: GLOSS	 Size: A5	
Type of Theory part: LECTURES
_______________________________________
]]></system-out>
  </testcase>
  <testcase name="ChangePrice_ChangePriceField_True" classname="BackpackTest" time="0.023">
    <system-out><![CDATA[Knowledge Day
name: Math basics
author: Khachatrian Mkrtych
subject: Math
pages: 100
price: 280.0
Theory part: 
Color: RED	 Material: PAPER	 Size: A4	
Type of Theory part: LECTURES
Practice part: 
Color: RED	 Material: GLOSS	 Size: A5	
Type of Practice part: TESTS
_______________________________________
]]></system-out>
  </testcase>
  <testcase name="EqualsLook_IsObjectSame_True" classname="BackpackTest" time="0">
    <system-out><![CDATA[name: Math basics
author: Khachatrian Mkrtych
subject: Math
pages: 100
price: 250.0
Theory part: 
Color: RED	 Material: PAPER	 Size: A4	
Type of Theory part: LECTURES
Practice part: 
Color: RED	 Material: GLOSS	 Size: A5	
Type of Practice part: TESTS
_______________________________________
]]></system-out>
  </testcase>
  <testcase name="Input_IncorrectInput_ExceptionThrown" classname="BackpackTest" time="0.009">
    <system-out><![CDATA[My exception: No enum found with url: [FAIL_ON_PURPOSE]
]]></system-out>
  </testcase>
</testsuite>